France:5-id=3017382
Barcelone:5-id=3128760
Argelès:5-id=PAIHABIT0000000038522238
Barcarès:5-id=PAIHABIT0000000038520702
Montagne:5-id=geoportailMontagne33
Touraine:5-id=2972290
Pointe de Grave:5-id=3014817
Val d'Aran:5-id=3106654
Europe:5-id=6255148
Valence:5-id=2509954
Coutras:5-id=PAIHABIT0000000050811202
Jarama:5-id=6359383
Guernica:5-id=3120989
Èbre:5-id=3123754
Tarragona:5-id=3108288
Olot:5-id=3115093
Gerona:5-id=6355230
Libourne:5-id=PAIHABIT0000000050814092
Bourg-Madame:5-id=6615247
Dax:5-id=PAIHABIT0000000018396673
Mont-de-Marsan:5-id=PAIHABIT0000000018391387
Bordeaux:5-id=PAIHABIT0000000050817284
Espagne:5-id=2510769
Madrid:5-id=3117735
Aragon:5-id=3336899
Allemagne:5-id=2921044
Royan:5-id=PAIHABIT0000000032511732
Deux-Sèvres:5-id=DEPARTEM0000000000000096
Oradour-sur-Glane:5-id=PAIHABIT0000000010570792
Thouars:5-id=PAIHABIT0000000109312034
Tours:5-id=PAIHABIT0000000031122055
Barcelona:5-id=3128760
Andalousie:5-id=2593109
Sevilla:5-id=2510911
Paris:5-id=PAIHABIT0000000244242163
Teruel:5-id=3108126
Brunete:5-id=3127588
Andalucia:5-id=2593109
Latour-de-Carol:5-id=PAIHABIT0000000038523399
Saint-Émilion:5-id=PAIHABIT0000000050814892
Vignonet:5-id=2969095