France:5-id=3017382
Barcelone:5-id=3128760
Perpignan:5-id=PAIHABIT0000000038521032
Dordogne:5-id=DEPARTEM0000000000000027
Périgueux:5-id=PAIHABIT0000000049513040
Vichy:5-id=PAIHABIT0000000105736114
Angoulême:5-id=PAIHABIT0000000041189614
Catalogne:5-id=3336901
Bompas:5-id=PAIHABIT0000000038520900
Camprodon:5-id=3126722
Drancy:5-id=PAIHABIT0000000002597655
Toulouse:5-id=PAIHABIT0000000073089795
Allemagne:5-id=2921044
Espagne:5-id=2510769
Marseille:5-id=PAIHABIT0000000040327477
Bordeaux:5-id=PAIHABIT0000000050817284
Garonne:5-id=3121561
Gironde:5-id=DEPARTEM0000000000000057
Mérignac:5-id=PAIHABIT0000000050816348
Autriche:5-id=2782113
Landes:5-id=DEPARTEM0000000000000012
Majorque:5-id=2514239
Talence:5-id=PAIHABIT0000000050818478
Igualada:5-id=3120431
Russie:5-id=2017370
Paris:5-id=PAIHABIT0000000244242163
Libourne:5-id=PAIHABIT0000000050814092
Espinavell:5-id=3122862
Prague:5-id=3067696
Foix:5-id=PAIHABIT0000000080595713
Ariège:5-id=DEPARTEM0000000000000022
Èbre:5-id=3123754
Sénégal:5-id=2245662
Tarbes:5-id=PAIHABIT0000000042284849
Orléans:5-id=2989317
Monsac:5-id=PAIHABIT0000000049524563
Maroc:5-id=2542007
Monforte:5-id=3116478
Portbou:5-id=3113144
Argelès:5-id=PAIHABIT0000000038522238
Barcarès:5-id=PAIHABIT0000000038520702
Argelès-sur-mer:5-id=PAIHABIT0000000038522238
Loire:5-id=2997869
Corse:5-id=3023517
Loiret:5-id=DEPARTEM0000000000000017
Basses-Pyrénées:5-id=2984887
Montpon:5-id=2992132
Dordogne:5-id=3021044
Atlantique:5-id=3373405
Saint-Médard:5-id=2978072
Hollande:5-id=2750405
Bergen Hausen:5-id=6553876
Vierzon:5-id=2969257
Saint-Pierre-des-Corps:5-id=PAIHABIT0000000031122054
Asturies:5-id=3114710
Amérique:5-id=7729890
Galice:5-id=3336902
Amérique du Sud:5-id=6255150
Saint-Domingue:5-id=3492908
Médoc:5-id=2994777
Lugo:5-id=3117813
Ferrol:5-id=3123493
Biscaye:5-id=3104469
Madrid:5-id=3117735
Pyrénées:5-id=3112616
Luz-Saint-Sauveur:5-id=PAIHABIT0000000042286996
Pyrénées Atlantiques:5-id=2984887
Afrique:5-id=6255146
Valence:5-id=2509954
Gibraltar:5-id=2411585
Ebro:5-id=3123754
Tossa de Mar:5-id=3107661
Gurs:5-id=PAIHABIT0000000025134791
Rivesaltes:5-id=PAIHABIT0000000038520767
L’Isle-de-Noé:5-id=2998135
San Clodio:5-id=3110764
Quiroga:5-id=3112395
Aubrais:5-id=3018280
Rouffignac:5-id=2982625