Saint-Front-d'Alemps:5-id=PAIHABIT0000000049509706
Espagne:5-id=2510769
Argelès:5-id=PAIHABIT0000000038522238
Argelès-sur-Mer:5-id=PAIHABIT0000000038522238
Almunia:5-id=3120010
Almunia de San Juan:5-id=3120010
Pineta:5-id=3113455
Saint-Pierre de Quilbignon:5-id=PAIHABIT0000000023297677
Bretagne:5-id=3030293
Èbre:5-id=3123754
Bielsa:5-id=3128039
France:5-id=3017382
Barcelone:5-id=3128760
Périgueux:5-id=PAIHABIT0000000049513040
Saint-Cyprien:5-id=PAIHABIT0000000038521700
Dordogne:5-id=DEPARTEM0000000000000027
Cuba:5-id=3562981
Bordeaux:5-id=PAIHABIT0000000050817284
Agonac:5-id=PAIHABIT0000000049510279
Huesca:5-id=3120514
Langon:5-id=PAIHABIT0000000050824698
Figueras:5-id=3122452
Loiret:5-id=DEPARTEM0000000000000017
Corrèze:5-id=DEPARTEM0000000000000039
Brest:5-id=PAIHABIT0000000023297677
Royan:5-id=PAIHABIT0000000032511732
Valence:5-id=2509951