Bordeaux:5-id=PAIHABIT0000000050817284
Châtellerault:5-id=PAIHABIT0000000054304572
France:5-id=3017382
Huesca:5-id=3120514
Marseille:5-id=PAIHABIT0000000040327477
Mexique:5-id=3996063
Tarbes:5-id=PAIHABIT0000000042284849
Espagne:5-id=2510769
Saragosse:5-id=3104324
Pyrénées:5-id=3112616
Septfonds:5-id=PAIHABIT0000000025710037
Europe:5-id=6255148
Val d'Aran:5-id=3106654
Balaguère:5-id=3128978
chantiers de l'Atlantique:5-id=Chantiers_de_lAtlantique
Poitiers:5-id=PAIHABIT0000000054311046
Barcelone:5-id=3128760
Èbre:5-id=3123754
Garonne:5-id=3121561
Albi:5-id=PAIHABIT0000000051871375
Gurs:5-id=PAIHABIT0000000025134791
La Roche-Posay:5-id=PAIHABIT0000000054302644
Charente:5-id=DEPARTEM0000000000000071
Dordogne:5-id=DEPARTEM0000000000000027
Angoulême:5-id=PAIHABIT0000000041189614
Cognac:5-id=PAIHABIT0000000041188797
Marciac:5-id=PAIHABIT0000000111036275
Gers:5-id=DEPARTEM0000000000000070
Irun:5-id=3120304
Catalogne:5-id=3336901