Bordeaux:5-id=PAIHABIT0000000050817284
Asturies:5-id=3114710
Buchenwald:5-id=8644023
États-Unis:5-id=6252001
France:5-id=3017382
Union Soviétique:5-id=8354411
Gijón:5-id=3121424
Amérique Centrale:5-id=7729892
Barcelone:5-id=3128760
Limoux:5-id=PAIHABIT0000000080058076
Italie:5-id=3175395
Espagne:5-id=2510769
Allemagne:5-id=2921044
Compiègne:5-id=3024066
Mérignac:5-id=PAIHABIT0000000050816348
Vayres:5-id=PAIHABIT0000000050815124
Gironde:5-id=DEPARTEM0000000000000057
Cestas:5-id=3027763
Chili:5-id=3895114
Izon:5-id=PAIHABIT0000000050814276
Pessac:5-id=2987805
Pau:5-id=2988358
La Calzada:5-id=3126951
Cuba:5-id=3562981
Madrid:5-id=3117735
côte Cantabrique:5-id=3336898
Perthus:5-id=PAIHABIT0000000038523285
Argelès-sur-Mer:5-id=PAIHABIT0000000038522238
Argelès:5-id=PAIHABIT0000000038522238
Europe:5-id=6255148