Bordeaux:5-id=PAIHABIT0000000050817284
Angleterre:5-id=6269131
Paris:5-id=PAIHABIT0000000244242163
Russie:5-id=2017370
Londres:5-id=2643743
Espagne:5-id=2510769
Madrid:5-id=3117735
Barcelone:5-id=3128760
îles normandes:5-id=3042400
Nevers:5-id=PAIHABIT0000000068298271
Allemagne:5-id=2921044
France:5-id=3017382
Saint-Seurin-sur-l'Isle:5-id=PAIHABIT0000000050811801
URSS:5-id=2017370
Stalingrad:5-id=472757
Saint-Émilion:5-id=PAIHABIT0000000050814892
Périgord:5-id=2987968
Blanquefort:5-id=PAIHABIT0000000050814554
Saint-Seurin:5-id=PAIHABIT0000000050811801
Ontiñena:5-id=3115037
Huesca:5-id=3120513
Catalogne:5-id=3336901
Saragosse:5-id=3104324
Huesca:5-id=3120514
Lérida:5-id=3118514
El Segre:5-id=6269402
Maroc:5-id=2542007
Cosne:5-id=PAIHABIT0000000068294396
Badalona:5-id=3129028
Portbou:5-id=3113144
Étais-la-Sauvin:5-id=PAIHABIT0000000041804285
Cerbère:5-id=PAIHABIT0000000038523511
Cosne-sur-Loire:5-id=PAIHABIT0000000068294396
Nièvre:5-id=DEPARTEM0000000000000024
Yonne:5-id=DEPARTEM0000000000000004
Clamecy:5-id=PAIHABIT0000000068293953
Quimper:5-id=PAIHABIT0000000023305878
Entrains-sur-Nohain:5-id=PAIHABIT0000000068293988
Saint-Nazaire:5-id=PAIHABIT0000000028857311