Valencia:5-id=2509954
Barcarès:5-id=PAIHABIT0000000038520702
Bordeaux:5-id=PAIHABIT0000000050817284
France:5-id=3017382
Los Barrios:5-id=2514824
Andalousie:5-id=2593109
Espagne:5-id=2510769
Castilla:5-id=3125826
Estepona:5-id=2517816
Barcelona:5-id=3128760
Cadiz:5-id=2520600
Marbella:5-id=2514169
Talence:5-id=PAIHABIT0000000050818478
España:5-id=2510769
Malaga:5-id=6359472
Andorra:5-id=3041565
Córdoba:5-id=2519240
Alméria:5-id=2521883
Italia:5-id=3175395
Catalogne:5-id=3336901
Barcelone:5-id=3128760
Francia:5-id=3017382
Madrid:5-id=3117735
Barrios:5-id=2514824
Latour-de-Carol:5-id=PAIHABIT0000000038523399
Pyrénées-Atlantiques:5-id=3112616
Catalunya:5-id=3336901
Luz-Saint-Sauveur:5-id=PAIHABIT0000000042286996
Bagnères-de-Bigorre:5-id=PAIHABIT0000000042286005
Argelès-sur-mer:5-id=PAIHABIT0000000038522238
Bacalan:5-id=3035500
Perpignan:5-id=PAIHABIT0000000038521032
Tarbes:5-id=PAIHABIT0000000042284849
Argelès:5-id=PAIHABIT0000000038522238
Ariège:5-id=DEPARTEM0000000000000022
Africa:5-id=6255146
océan Atlantique:5-id=3373405
Allemagne:5-id=2921044
Paris:5-id=PAIHABIT0000000244242163
La Rochelle:5-id=PAIHABIT0000000032505397
Toulouse:5-id=PAIHABIT0000000073089795
Suisse:5-id=2658434
Fos:5-id=3017679