Junquera:5-id=3104394
Oloron:5-id=2989569
France:5-id=3017382
Espagne:5-id=2510769
Tarbes:5-id=PAIHABIT0000000042284849
Blaye:5-id=PAIHABIT0000000050809744
Argelès-sur-Mer:5-id=PAIHABIT0000000038522238
Rivesaltes:5-id=PAIHABIT0000000038520767
Gurs:5-id=PAIHABIT0000000025134791
Saint-Médard:5-id=2978072
Argelès:5-id=PAIHABIT0000000038522238
Montpon:5-id=2992132
Mòra la Nueva:5-id=3116205
Atlantique:5-id=3373405
Saint-Christoly:5-id=2981172
Afrique:5-id=6255146
Pyrénées:5-id=3112616
Guadalajara:5-id=3121070
Alcantarilla:5-id=2522152
Sant Hilari de Sacalm:5-id=3110584
Murcia:5-id=2513416
Tarragona:5-id=3108288
Cambrils:5-id=3126888
Èbre:5-id=3123754
Tortosa:5-id=3107677
Ebro:5-id=3123754
Le Boulou:5-id=PAIHABIT0000000038522613
Reus:5-id=3111933
Girona:5-id=3121456
Figueras:5-id=3122452
Barcarès:5-id=PAIHABIT0000000038520702
Alpes-Maritimes:5-id=DEPARTEM0000000000000053
Septfonds:5-id=PAIHABIT0000000025710037
Bagnères-de-Bigorre:5-id=PAIHABIT0000000042286005
Ariège:5-id=DEPARTEM0000000000000022
Noé:5-id=PAIHABIT0000000073095991
Toulouse:5-id=PAIHABIT0000000073089795
Dordogne:5-id=DEPARTEM0000000000000027
Allemagne:5-id=2921044
Saint-Médard-en-Jalles:5-id=2978072
Amérique:5-id=7729890
Bordeaux:5-id=PAIHABIT0000000050817284
Cenon:5-id=PAIHABIT0000000050816274
Pessac:5-id=2987805
Bilbao:5-id=3128026