France:5-id=3017382
Madrid:5-id=3117735
Perpignan:5-id=PAIHABIT0000000038521032
Monflanquin:5-id=PAIHABIT0000000092659235
Villeneuve-sur-Lot:5-id=PAIHABIT0000000092664250
Andalousie:5-id=2593109
Nevers:5-id=PAIHABIT0000000068298271
Auxerre:5-id=PAIHABIT0000000041801899
Aragon:5-id=3336899
Allemagne:5-id=2921044
Pontigny:5-id=PAIHABIT0000000041800946
Lot-et-Garonne:5-id=DEPARTEM0000000000000011
Sainte-Livrade:5-id=2980519
Belgique:5-id=2802361
Espagne:5-id=2510769
Barcelone:5-id=3128760
Maroc:5-id=2542007
Villeneuve:5-id=PAIHABIT0000000092664250
Auxerra:5-id=PAIHABIT0000000041801899
Monflanquinois:5-id=PAIHABIT0000000092659235
la péninsule ibérique:5-id=2267430
Rio Manzanares:5-id=3117507
Extremadura:5-id=2593112
Pays basque:5-id=3336903
Le Perthus:5-id=PAIHABIT0000000038523285
Perthus:5-id=PAIHABIT0000000038523285
Argelès:5-id=PAIHABIT0000000038522238
Barcarès:5-id=PAIHABIT0000000038520702
Recas:5-id=3112188
Roussillon:5-id=2982453
Périgord:5-id=2987968
Tolède:5-id=2510409
Valence:5-id=2509954
Èbre:5-id=3123754
Cordoue:5-id=2519240
Teruel:5-id=3108126
Melilla:5-id=2513947
Guadalquivir:5-id=2516973
Sierra Morena:5-id=2513552
Palma:5-id=2512989
Palma del Río:5-id=2512989
Le Boulou:5-id=PAIHABIT0000000038522613
Saint-Cyprien:5-id=PAIHABIT0000000038521700
Elne:5-id=PAIHABIT0000000038521868
Angoulême:5-id=PAIHABIT0000000041189614
Séville:5-id=2510911
Agen:5-id=PAIHABIT0000000092671388