Monclar d'Agenais:5-id=PAIHABIT0000000092662570
Espagne:5-id=2510769
Fumel:5-id=PAIHABIT0000000092660646
Monflanquin:5-id=PAIHABIT0000000092659235
Agen:5-id=PAIHABIT0000000092671388
Nérac:5-id=PAIHABIT0000000092673194
Aragon:5-id=3336899
Toulouse:5-id=PAIHABIT0000000073089795
Naples:5-id=3172394
Lodève:5-id=PAIHABIT0000000044485109
France:5-id=3017382
Corrèze:5-id=DEPARTEM0000000000000039
Gurs:5-id=PAIHABIT0000000025134791
Ariège:5-id=DEPARTEM0000000000000022
Bernay:5-id=PAIHABIT0000000000872866
Montauban:5-id=PAIHABIT0000000025714275
Barcelone:5-id=3128760
Noé:5-id=PAIHABIT0000000073095991
Casseneuil:5-id=PAIHABIT0000000092662503
nord de la France:5-id=3017382
Vias:5-id=PAIHABIT0000000044489427
Marmande:5-id=PAIHABIT0000000092660537
Italie:5-id=3175395
Varès:5-id=PAIHABIT0000000092663244
Tonneins:5-id=PAIHABIT0000000092664476
Tours:5-id=PAIHABIT0000000031122055
Allemagne:5-id=2921044
Bègles:5-id=PAIHABIT0000000050817264
Madrid:5-id=3117735
Cancon:5-id=PAIHABIT0000000092659313
Boussès:5-id=PAIHABIT0000000092672922
Dordogne:5-id=DEPARTEM0000000000000027
Lot:5-id=DEPARTEM0000000000000073
Lot-et-Garonne:5-id=DEPARTEM0000000000000011
Clairac:5-id=PAIHABIT0000000092665661
Garonne:5-id=3121561
Aiguillon:5-id=PAIHABIT0000000092667700
Les Landes:5-id=DEPARTEM0000000000000012
Arx:5-id=PAIHABIT0000000018386995
Casteljaloux:5-id=PAIHABIT0000000092667370
Lons:5-id=PAIHABIT0000000025134017
Landes:5-id=DEPARTEM0000000000000012
Èbre:5-id=3123754
Andalousie:5-id=2593109
Monclar:5-id=PAIHABIT0000000092662570
Paris:5-id=PAIHABIT0000000244242163
La Sauvetat-du-Dropt:5-id=PAIHABIT0000000092656102
Ponts:5-id=3113231
région catalane:5-id=3125609
Pyrénées:5-id=3112616
Sant Sadurní d'Anoia:5-id=3110064
Port-Vendres:5-id=2985925
Miramont:5-id=2993753
Cambrils:5-id=3126888
Villeneuve:5-id=PAIHABIT0000000092664250
Argelès:5-id=PAIHABIT0000000038522238
Angleterre:5-id=6269131
Lausanne:5-id=2659994
Libos:5-id=PAIHABIT0000000092660652
Tarragone:5-id=3108288
Moissac:5-id=2993586
Saint-Barthélemy:5-id=2981458
Istres:5-id=3012647
Londres:5-id=2643743
Ripoll:5-id=3111607
Canfranc:5-id=3126580
Pyrénées-Orientales:5-id=DEPARTEM0000000000000048
Perpignan:5-id=PAIHABIT0000000038521032
Lérida:5-id=3118514
Pampelune:5-id=3114472
entreprise de Cancon:5-id=PAIHABIT0000000092659313
Hyères:5-id=PAIHABIT0000000074770105
Catalogne:5-id=3336901
Vichy:5-id=PAIHABIT0000000105736114
La Sauvetat:5-id=PAIHABIT0000000092656102
Reus:5-id=3111933
Tarragona:5-id=3108288
Valls:5-id=3106492
Gérone:5-id=3121456
Saint-Antoine:5-id=2981672
Laparade:5-id=3007434
Grateloup-Saint-Gayrand:5-id=3014850
Castelmoron:5-id=3028359