Lormont:5-id=PAIHABIT0000000050815396
France:5-id=3017382
Espagne:5-id=2510769
Madrid:5-id=3117735
Anglet:5-id=PAIHABIT0000000025124758
Alicante:5-id=2521978
Murcie:5-id=2513416
Bayonne:5-id=PAIHABIT0000000025123849
Bordeaux:5-id=PAIHABIT0000000050817284
Salamanca:5-id=3111107
Bilbao:5-id=3128026
Barcelone:5-id=3128760
Horta de Terra Alta:5-id=3120636
Saint-Dizier:5-id=PAIHABIT0000000066686621
Tortosa:5-id=3107677
Aragon:5-id=3336899
Talence:5-id=PAIHABIT0000000050818478
Mataró:5-id=3117164
San Juan:5-id=3110522
Juan:5-id=3110522
Haute-Marne:5-id=DEPARTEM0000000000000068
Mérignac:5-id=PAIHABIT0000000050816348
Auxerre:5-id=PAIHABIT0000000041801899
Yonne:5-id=DEPARTEM0000000000000004
Vichy:5-id=PAIHABIT0000000105736114
Allemagne:5-id=2921044
San Hilario:5-id=3110584
Pays basque:5-id=3336903