Fumel:5-id=PAIHABIT0000000092660646
Catalogne:5-id=3336901
Firminy:5-id=PAIHABIT0000000012044221
Espagne:5-id=2510769
Allemagne:5-id=2921044
Septfonds:5-id=PAIHABIT0000000025710037
Caussade:5-id=PAIHABIT0000000025710518
Sainte-Livrade:5-id=PAIHABIT0000000073088939
Agen:5-id=PAIHABIT0000000092671388
Bram:5-id=PAIHABIT0000000080055506
Castelnaudary:5-id=PAIHABIT0000000080054218
Collioure:5-id=PAIHABIT0000000038522542
Lot:5-id=DEPARTEM0000000000000073
Loiola:5-id=3117879
Dordogne:5-id=DEPARTEM0000000000000027
Saint-Martin-le-Redon:5-id=PAIHABIT0000000015054488
Villeneuve-sur-Lot:5-id=PAIHABIT0000000092664250
Villeneuve:5-id=PAIHABIT0000000092664250
La Rochelle:5-id=PAIHABIT0000000032505397
Belvès:5-id=3033546
France:5-id=3017382
Périgueux:5-id=PAIHABIT0000000049513040
Ariège:5-id=DEPARTEM0000000000000022
San Cristobal:5-id=2521645
Pampelune:5-id=3114472
Aragon:5-id=3336899
Alcañiz:5-id=3130606
Toulouse:5-id=PAIHABIT0000000073089795
Madrid:5-id=3117735
Fontarrabie:5-id=6358125
Perthus:5-id=PAIHABIT0000000038523285
San Sebastián:5-id=3110044
Mondragon:5-id=3116503
Cabezón de la Sal:5-id=3127224
Bilbao:5-id=3128026
Gijón:5-id=3121424
Sant Sadurní d'Anoia:5-id=3110064
Pays basque:5-id=3336903
Argelès:5-id=PAIHABIT0000000038522238
Asturies:5-id=3114710
Barcarès:5-id=PAIHABIT0000000038520702
San Sebastien:5-id=3110044
Monsempron:5-id=PAIHABIT0000000092660652
Mauthausen:5-id=11185525
Mosset:5-id=COMMUNE_0000000009763157
La Roche-sur-Yon:5-id=PAIHABIT0000000017457079
Saint-Martin-Curton:5-id=COMMUNE_0000000009757542
Val d'Aran:5-id=3106654
Villeneuve-sur-Yonne:5-id=PAIHABIT0000000041800079
Villeneuve:5-id=PAIHABIT00000000041800079
Auxerre:5-id=PAIHABIT0000000041801899
Saus:5-id=3109315
Barcelone:5-id=3128760
Sabadell:5-id=3111199
Vic:5-id=3106050
Santander:5-id=3109718
Riego:5-id=3111763
Yonne:5-id=DEPARTEM0000000000000004
Valence:5-id=2509954
Le Perthus:5-id=PAIHABIT0000000038523285
Saint-Cyprien:5-id=PAIHABIT0000000038521700
Dax:5-id=PAIHABIT0000000018396673
Alto:5-id=3130231
Teruel:5-id=3108126
Méditerranée:5-id=363196
Jaizkibel:5-id=3120203
Siorac:5-id=2974480