Dordogne:5-id=DEPARTEM0000000000000027
Neuvic sur l'Isle:5-id=PAIHABIT0000000049515014
Mussidan:5-id=PAIHABIT0000000049516449
Lot-et-Garonne:5-id=DEPARTEM0000000000000011
Villefranche-du-Périgord:5-id=PAIHABIT0000000049527201
Biron:5-id=PAIHABIT0000000049527166
Espagne:5-id=2510769
Saint-Georges-Blancaneix:5-id=PAIHABIT0000000049519814
Domme:5-id=3021156
Gourdon:5-id=PAIHABIT0000000015050624
Lot:5-id=DEPARTEM0000000000000073
Cahors:5-id=PAIHABIT0000000015055695
Groléjac:5-id=PAIHABIT0000000049523485
France:5-id=3017382
Tarbes:5-id=PAIHABIT0000000042284849
Guadalajara:5-id=3121070
Madrid:5-id=3117735
Saint-Cyprien:5-id=PAIHABIT0000000038521700
Bordeaux:5-id=PAIHABIT0000000050817284
Allemagne:5-id=2921044
Périgueux:5-id=PAIHABIT0000000049513040
Saint-Jean d'Eyraud:5-id=PAIHABIT0000000049518975
Castelnaud-Fayrac:5-id=COMMUNR 0000000009755794
Argelès:5-id=PAIHABIT0000000038522238
Montpon:5-id=2992132
Échourgnac:5-id=COMMUNE 0000000009754761
Barcarès:5-id=PAIHABIT0000000038520702
Val d'Aran:5-id=3106654
Saint-André:5-id=BDCENTS 0000000069743528
Montpon-sur-l'Isle:5-id=2992132
Teruel:5-id=3108126
Èbre:5-id=3123754
Portbou:5-id=3113144
Argelès-sur-Mer:5-id=PAIHABIT0000000038522238
Agde:5-id=PAIHABIT0000000044489422
Évreux:5-id=3019265
Haute-Vienne:5-id=DEPARTEM0000000000000040
Oradour:5-id=PAIHABIT0000000010570792
Saint-Junien:5-id=PAIHABIT0000000010571282
Bellac:5-id=PAIHABIT0000000010569189
Monpazier:id=2993240
Les Lèches:id=3000501