France:5-id=3017382
Espagne:5-id=2510769
Pyrénées:5-id=3112616
Amérique:5-id=7729890
Biarritz:5-id=PAIHABIT0000000025124768
San Sebastien:5-id=3110044
Vitoria:5-id=3104499
Saint-Médard:5-id=2978072
Bidart:5-id=PAIHABIT0000000025126571
Estella:5-id=3122762
Bordeaux:5-id=PAIHABIT0000000050817284
Cenon:5-id=PAIHABIT0000000050816274
Paris:5-id=PAIHABIT0000000244242163
Mérignac:5-id=PAIHABIT0000000050816348
Madrid:5-id=3117735
Gurs:5-id=PAIHABIT0000000025134791
Hendaye:5-id=PAIHABIT0000000025130439
Irun:5-id=3120304
Pays basque:5-id=3336903
Allemagne:5-id=2921044