Mequinenza:5-id=3116881
Reus:5-id=3111933
Landes:5-id=DEPARTEM0000000000000012
Orthez:5-id=PAIHABIT0000000025125175
Espagne:5-id=2510769
Pau:5-id=2988358
Bordeaux:5-id=PAIHABIT0000000050817284
Salou:5-id=3110986
Cambrils:5-id=3126888
Allemagne:5-id=2921044
Compiègne:5-id=3024066
Madrid:5-id=3117735
Angoulême:5-id=PAIHABIT0000000041189614
Córdoba:5-id=2519240
Séville:5-id=2510911
Sierra Morena:5-id=2513552
Anglet:5-id=PAIHABIT0000000025124758
Italie:5-id=3175395
Campina:5-id=2516116
France:5-id=3017382
Cordoue:5-id=2519240
Barcelone:5-id=3128760
Francia:5-id=3017382
Barcelona:5-id=3128760
Castro del Río:5-id=2519697
Sierra:5-id=2513552
Fayon:5-id=3122595
Buchenwald:5-id=8644023
Figueras:5-id=3122452
España:5-id=2510769
Toledo:5-id=2510409
Barcarès:5-id=PAIHABIT0000000038520702
Portbou:5-id=3113144
Mauthausen:5-id=11185525
Lerida:5-id=3118514
Tarragone:5-id=3108288
Saint-Cyprien:5-id=PAIHABIT0000000038521700
Bujalance:5-id=2520735
Èbre:5-id=3123754
Pozoblanco:5-id=2512340
Teruel:5-id=3108126
Mora:5-id=2513588
Vila-real:5-id=2509509
Castellon:5-id=3125881
Morella:5-id=3116121
Monroyo:5-id=3116452
Tortosa:5-id=3107677
Ebro:5-id=3123754
el Segre:5-id=6269402
Catalogne:5-id=3336901
Deux-Sèvres:5-id=DEPARTEM0000000000000096
Pologne:5-id=798544
Billère:5-id=PAIHABIT0000000025134563
Royan:5-id=PAIHABIT0000000032511732
Fronsac:5-id=PAIHABIT0000000050814167
Espejo:5-id=2517900
Libourne:5-id=PAIHABIT0000000050814092
Valencia:5-id=2509954
Valence:5-id=2509954
Granada:5-id=2517117
Montoro:5-id=2513595
Talavera:5-id=2510693
Tajo:5-id=2262787
Almatret:5-id=3130314
Tibidabo:5-id=3108107
Rosas:5-id=3111348
Burdeos:5-id=PAIHABIT0000000050817284
Erfurt:5-id=2929670
Weimar:5-id=2812482