Yvelines:1-source=Geofla:2-entityType=loc:3-theme=political:41-vague=no:42-sentiment=neutral:5-id=DEPARTEM0000000000000023:51-category=DEPARTEMENT:52-subCategory=NO:61-continent=EU:62-country=FR:63-admin2=78:64-admin4=NO:65-x=1.84145434364799:66-y=48.7596125714751:67-geometry=NR
Yonne:1-source=Geofla:2-entityType=loc:3-theme=political:41-vague=no:42-sentiment=neutral:5-id=DEPARTEM0000000000000004:51-category=DEPARTEMENT:52-subCategory=NO:61-continent=EU:62-country=FR:63-admin2=89:64-admin4=NO:65-x=3.64469628394378:66-y=47.8563183707311:67-geometry=NR
Vosges:1-source=Geofla:2-entityType=loc:3-theme=political:41-vague=no:42-sentiment=neutral:5-id=DEPARTEM0000000000000031:51-category=DEPARTEMENT:52-subCategory=NO:61-continent=EU:62-country=FR:63-admin2=88:64-admin4=NO:65-x=6.40219399296582:66-y=48.1812819882628:67-geometry=NR
Vienne:1-source=Geofla:2-entityType=loc:3-theme=political:41-vague=no:42-sentiment=neutral:5-id=DEPARTEM0000000000000059:51-category=DEPARTEMENT:52-subCategory=NO:61-continent=EU:62-country=FR:63-admin2=86:64-admin4=NO:65-x=0.569219275136902:66-y=46.5203409653804:67-geometry=NR
Vendée:1-source=Geofla:2-entityType=loc:3-theme=political:41-vague=no:42-sentiment=neutral:5-id=DEPARTEM0000000000000025:51-category=DEPARTEMENT:52-subCategory=NO:61-continent=EU:62-country=FR:63-admin2=85:64-admin4=NO:65-x=-2.34757565611315:66-y=46.7095476618981:67-geometry=NR
Vaucluse:1-source=Geofla:2-entityType=loc:3-theme=political:41-vague=no:42-sentiment=neutral:5-id=DEPARTEM0000000000000067:51-category=DEPARTEMENT:52-subCategory=NO:61-continent=EU:62-country=FR:63-admin2=84:64-admin4=NO:65-x=4.97091337999183:66-y=44.3653490068913:67-geometry=NR
Var:1-source=Geofla:2-entityType=loc:3-theme=political:41-vague=no:42-sentiment=neutral:5-id=DEPARTEM0000000000000041:51-category=DEPARTEMENT:52-subCategory=NO:61-continent=EU:62-country=FR:63-admin2=83:64-admin4=NO:65-x=6.47219569453632:66-y=43.0331087715883:67-geometry=NR
Val-de-Marne:1-source=Geofla:2-entityType=loc:3-theme=political:41-vague=no:42-sentiment=neutral:5-id=DEPARTEM0000000000000049:51-category=DEPARTEMENT:52-subCategory=NO:61-continent=EU:62-country=FR:63-admin2=94:64-admin4=NO:65-x=2.45407899848077:66-y=48.7745791661241:67-geometry=NR
Val-d'Oise:1-source=Geofla:2-entityType=loc:3-theme=political:41-vague=no:42-sentiment=neutral:5-id=DEPARTEM0000000000000090:51-category=DEPARTEMENT:52-subCategory=NO:61-continent=EU:62-country=FR:63-admin2=95:64-admin4=NO:65-x=2.20936848652744:66-y=49.077194565452:67-geometry=NR
Territoire-de-Belfort:1-source=Geofla:2-entityType=loc:3-theme=political:41-vague=no:42-sentiment=neutral:5-id=DEPARTEM0000000000000092:51-category=DEPARTEMENT:52-subCategory=NO:61-continent=EU:62-country=FR:63-admin2=90:64-admin4=NO:65-x=6.95095840690285:66-y=47.6364912566769:67-geometry=NR
Tarn-et-Garonne:1-source=Geofla:2-entityType=loc:3-theme=political:41-vague=no:42-sentiment=neutral:5-id=DEPARTEM0000000000000037:51-category=DEPARTEMENT:52-subCategory=NO:61-continent=EU:62-country=FR:63-admin2=82:64-admin4=NO:65-x=1.20329962017466:66-y=44.0827004764364:67-geometry=NR
Tarn:1-source=Geofla:2-entityType=loc:3-theme=political:41-vague=no:42-sentiment=neutral:5-id=DEPARTEM0000000000000035:51-category=DEPARTEMENT:52-subCategory=NO:61-continent=EU:62-country=FR:63-admin2=81:64-admin4=NO:65-x=2.13014090183183:66-y=43.7914145649233:67-geometry=NR
Somme:1-source=Geofla:2-entityType=loc:3-theme=political:41-vague=no:42-sentiment=neutral:5-id=DEPARTEM0000000000000082:51-category=DEPARTEMENT:52-subCategory=NO:61-continent=EU:62-country=FR:63-admin2=80:64-admin4=NO:65-x=2.37983540024379:66-y=49.9716442373922:67-geometry=NR
Seine-Saint-Denis:1-source=Geofla:2-entityType=loc:3-theme=political:41-vague=no:42-sentiment=neutral:5-id=DEPARTEM0000000000000014:51-category=DEPARTEMENT:52-subCategory=NO:61-continent=EU:62-country=FR:63-admin2=93:64-admin4=NO:65-x=2.45296498531832:66-y=48.9094142254729:67-geometry=NR
Seine-Maritime:1-source=Geofla:2-entityType=loc:3-theme=political:41-vague=no:42-sentiment=neutral:5-id=DEPARTEM0000000000000003:51-category=DEPARTEMENT:52-subCategory=NO:61-continent=EU:62-country=FR:63-admin2=76:64-admin4=NO:65-x=0.936562740193156:66-y=49.6571654518508:67-geometry=NR
Seine-et-Marne:1-source=Geofla:2-entityType=loc:3-theme=political:41-vague=no:42-sentiment=neutral:5-id=DEPARTEM0000000000000052:51-category=DEPARTEMENT:52-subCategory=NO:61-continent=EU:62-country=FR:63-admin2=77:64-admin4=NO:65-x=2.97232440483025:66-y=48.6426346449588:67-geometry=NR
Savoie:1-source=Geofla:2-entityType=loc:3-theme=political:41-vague=no:42-sentiment=neutral:5-id=DEPARTEM0000000000000054:51-category=DEPARTEMENT:52-subCategory=NO:61-continent=EU:62-country=FR:63-admin2=73:64-admin4=NO:65-x=6.40621595095669:66-y=45.4878517394018:67-geometry=NR
Sarthe:1-source=Geofla:2-entityType=loc:3-theme=political:41-vague=no:42-sentiment=neutral:5-id=DEPARTEM0000000000000072:51-category=DEPARTEMENT:52-subCategory=NO:61-continent=EU:62-country=FR:63-admin2=72:64-admin4=NO:65-x=0.229601975038352:66-y=48.0407287223628:67-geometry=NR
Saône-et-Loire:1-source=Geofla:2-entityType=loc:3-theme=political:41-vague=no:42-sentiment=neutral:5-id=DEPARTEM0000000000000021:51-category=DEPARTEMENT:52-subCategory=NO:61-continent=EU:62-country=FR:63-admin2=71:64-admin4=NO:65-x=4.56919223757429:66-y=46.6518193180546:67-geometry=NR
Rhône:1-source=Geofla:2-entityType=loc:3-theme=political:41-vague=no:42-sentiment=neutral:5-id=DEPARTEM0000000000000028:51-category=DEPARTEMENT:52-subCategory=NO:61-continent=EU:62-country=FR:63-admin2=69:64-admin4=NO:65-x=4.70267917383893:66-y=45.8622417256231:67-geometry=NR
Pyrénées-Orientales:1-source=Geofla:2-entityType=loc:3-theme=political:41-vague=no:42-sentiment=neutral:5-id=DEPARTEM0000000000000048:51-category=DEPARTEMENT:52-subCategory=NO:61-continent=EU:62-country=FR:63-admin2=66:64-admin4=NO:65-x=2.50674041937982:66-y=42.6250697204341:67-geometry=NR
Pyrénées-Atlantiques:1-source=Geofla:2-entityType=loc:3-theme=political:41-vague=no:42-sentiment=neutral:5-id=DEPARTEM0000000000000026:51-category=DEPARTEMENT:52-subCategory=NO:61-continent=EU:62-country=FR:63-admin2=64:64-admin4=NO:65-x=-0.740664605916394:66-y=43.1786750051765:67-geometry=NR
Puy-de-Dôme:1-source=Geofla:2-entityType=loc:3-theme=political:41-vague=no:42-sentiment=neutral:5-id=DEPARTEM0000000000000018:51-category=DEPARTEMENT:52-subCategory=NO:61-continent=EU:62-country=FR:63-admin2=63:64-admin4=NO:65-x=3.08536448965815:66-y=45.7718384103347:67-geometry=NR
Pas-de-Calais:1-source=Geofla:2-entityType=loc:3-theme=political:41-vague=no:42-sentiment=neutral:5-id=DEPARTEM0000000000000015:51-category=DEPARTEMENT:52-subCategory=NO:61-continent=EU:62-country=FR:63-admin2=62:64-admin4=NO:65-x=2.26918723643733:66-y=50.5135348358304:67-geometry=NR
Orne:1-source=Geofla:2-entityType=loc:3-theme=political:41-vague=no:42-sentiment=neutral:5-id=DEPARTEM0000000000000009:51-category=DEPARTEMENT:52-subCategory=NO:61-continent=EU:62-country=FR:63-admin2=61:64-admin4=NO:65-x=0.324782867891453:66-y=48.5719903408671:67-geometry=NR
Oise:1-source=Geofla:2-entityType=loc:3-theme=political:41-vague=no:42-sentiment=neutral:5-id=DEPARTEM0000000000000042:51-category=DEPARTEMENT:52-subCategory=NO:61-continent=EU:62-country=FR:63-admin2=60:64-admin4=NO:65-x=3.04571026887984:66-y=49.2283480027121:67-geometry=NR
Nièvre:1-source=Geofla:2-entityType=loc:3-theme=political:41-vague=no:42-sentiment=neutral:5-id=DEPARTEM0000000000000024:51-category=DEPARTEMENT:52-subCategory=NO:61-continent=EU:62-country=FR:63-admin2=58:64-admin4=NO:65-x=3.53742177135712:66-y=47.1011733052775:67-geometry=NR
Moselle:1-source=Geofla:2-entityType=loc:3-theme=political:41-vague=no:42-sentiment=neutral:5-id=DEPARTEM0000000000000066:51-category=DEPARTEMENT:52-subCategory=NO:61-continent=EU:62-country=FR:63-admin2=57:64-admin4=NO:65-x=6.523043179843:66-y=49.0249724117258:67-geometry=NR
Morbihan:1-source=Geofla:2-entityType=loc:3-theme=political:41-vague=no:42-sentiment=neutral:5-id=DEPARTEM0000000000000091:51-category=DEPARTEMENT:52-subCategory=NO:61-continent=EU:62-country=FR:63-admin2=56:64-admin4=NO:65-x=-2.87508905873034:66-y=47.3397973740525:67-geometry=NR
Meuse:1-source=Geofla:2-entityType=loc:3-theme=political:41-vague=no:42-sentiment=neutral:5-id=DEPARTEM0000000000000008:51-category=DEPARTEMENT:52-subCategory=NO:61-continent=EU:62-country=FR:63-admin2=55:64-admin4=NO:65-x=5.37574815872998:66-y=49.047384607128:67-geometry=NR
Meurthe-et-Moselle:1-source=Geofla:2-entityType=loc:3-theme=political:41-vague=no:42-sentiment=neutral:5-id=DEPARTEM0000000000000095:51-category=DEPARTEMENT:52-subCategory=NO:61-continent=EU:62-country=FR:63-admin2=54:64-admin4=NO:65-x=5.46617318496908:66-y=49.4137007414981:67-geometry=NR
Mayenne:1-source=Geofla:2-entityType=loc:3-theme=political:41-vague=no:42-sentiment=neutral:5-id=DEPARTEM0000000000000093:51-category=DEPARTEMENT:52-subCategory=NO:61-continent=EU:62-country=FR:63-admin2=53:64-admin4=NO:65-x=-0.646278136111686:66-y=48.109809947133:67-geometry=NR
Marne:1-source=Geofla:2-entityType=loc:3-theme=political:41-vague=no:42-sentiment=neutral:5-id=DEPARTEM0000000000000063:51-category=DEPARTEMENT:52-subCategory=NO:61-continent=EU:62-country=FR:63-admin2=51:64-admin4=NO:65-x=4.30926391502829:66-y=48.9575877338345:67-geometry=NR
Manche:1-source=Geofla:2-entityType=loc:3-theme=political:41-vague=no:42-sentiment=neutral:5-id=DEPARTEM0000000000000077:51-category=DEPARTEMENT:52-subCategory=NO:61-continent=EU:62-country=FR:63-admin2=50:64-admin4=NO:65-x=-1.51144121156618:66-y=48.635974984193:67-geometry=NR
Maine-et-Loire:1-source=Geofla:2-entityType=loc:3-theme=political:41-vague=no:42-sentiment=neutral:5-id=DEPARTEM0000000000000078:51-category=DEPARTEMENT:52-subCategory=NO:61-continent=EU:62-country=FR:63-admin2=49:64-admin4=NO:65-x=-0.741455486959777:66-y=47.740980924886:67-geometry=NR
Lozère:1-source=Geofla:2-entityType=loc:3-theme=political:41-vague=no:42-sentiment=neutral:5-id=DEPARTEM0000000000000032:51-category=DEPARTEMENT:52-subCategory=NO:61-continent=EU:62-country=FR:63-admin2=48:64-admin4=NO:65-x=3.48975864949999:66-y=44.4679092966279:67-geometry=NR
Lot-et-Garonne:1-source=Geofla:2-entityType=loc:3-theme=political:41-vague=no:42-sentiment=neutral:5-id=DEPARTEM0000000000000011:51-category=DEPARTEMENT:52-subCategory=NO:61-continent=EU:62-country=FR:63-admin2=47:64-admin4=NO:65-x=0.517442040072122:66-y=44.3770238657721:67-geometry=NR
Lot:1-source=Geofla:2-entityType=loc:3-theme=political:41-vague=no:42-sentiment=neutral:5-id=DEPARTEM0000000000000073:51-category=DEPARTEMENT:52-subCategory=NO:61-continent=EU:62-country=FR:63-admin2=46:64-admin4=NO:65-x=1.65619302653805:66-y=44.6275639730444:67-geometry=NR
Loiret:1-source=Geofla:2-entityType=loc:3-theme=political:41-vague=no:42-sentiment=neutral:5-id=DEPARTEM0000000000000017:51-category=DEPARTEMENT:52-subCategory=NO:61-continent=EU:62-country=FR:63-admin2=45:64-admin4=NO:65-x=2.31218496727049:66-y=47.9135390384648:67-geometry=NR
Loire-Atlantique:1-source=Geofla:2-entityType=loc:3-theme=political:41-vague=no:42-sentiment=neutral:5-id=DEPARTEM0000000000000088:51-category=DEPARTEMENT:52-subCategory=NO:61-continent=EU:62-country=FR:63-admin2=44:64-admin4=NO:65-x=-1.8472232699123:66-y=47.3334516368113:67-geometry=NR
Loire:1-source=Geofla:2-entityType=loc:3-theme=political:41-vague=no:42-sentiment=neutral:5-id=DEPARTEM0000000000000002:51-category=DEPARTEMENT:52-subCategory=NO:61-continent=EU:62-country=FR:63-admin2=42:64-admin4=NO:65-x=4.23125275976041:66-y=45.7871359428232:67-geometry=NR
Loir-et-Cher:1-source=Geofla:2-entityType=loc:3-theme=political:41-vague=no:42-sentiment=neutral:5-id=DEPARTEM0000000000000094:51-category=DEPARTEMENT:52-subCategory=NO:61-continent=EU:62-country=FR:63-admin2=41:64-admin4=NO:65-x=1.41588351540585:66-y=47.6006207678889:67-geometry=NR
Landes:1-source=Geofla:2-entityType=loc:3-theme=political:41-vague=no:42-sentiment=neutral:5-id=DEPARTEM0000000000000012:51-category=DEPARTEMENT:52-subCategory=NO:61-continent=EU:62-country=FR:63-admin2=40:64-admin4=NO:65-x=-0.63507220275728:66-y=44.0268583485396:67-geometry=NR
Jura:1-source=Geofla:2-entityType=loc:3-theme=political:41-vague=no:42-sentiment=neutral:5-id=DEPARTEM0000000000000001:51-category=DEPARTEMENT:52-subCategory=NO:61-continent=EU:62-country=FR:63-admin2=39:64-admin4=NO:65-x=5.4435901074621:66-y=46.8481655107271:67-geometry=NR
Isère:1-source=Geofla:2-entityType=loc:3-theme=political:41-vague=no:42-sentiment=neutral:5-id=DEPARTEM0000000000000065:51-category=DEPARTEMENT:52-subCategory=NO:61-continent=EU:62-country=FR:63-admin2=38:64-admin4=NO:65-x=5.55688012685389:66-y=45.2220311557107:67-geometry=NR
Indre-et-Loire:1-source=Geofla:2-entityType=loc:3-theme=political:41-vague=no:42-sentiment=neutral:5-id=DEPARTEM0000000000000029:51-category=DEPARTEMENT:52-subCategory=NO:61-continent=EU:62-country=FR:63-admin2=37:64-admin4=NO:65-x=0.678576766005749:66-y=47.2209526577417:67-geometry=NR
Indre:1-source=Geofla:2-entityType=loc:3-theme=political:41-vague=no:42-sentiment=neutral:5-id=DEPARTEM0000000000000062:51-category=DEPARTEMENT:52-subCategory=NO:61-continent=EU:62-country=FR:63-admin2=36:64-admin4=NO:65-x=1.5320970505734:66-y=46.8229075674858:67-geometry=NR
Ille-et-Vilaine:1-source=Geofla:2-entityType=loc:3-theme=political:41-vague=no:42-sentiment=neutral:5-id=DEPARTEM0000000000000020:51-category=DEPARTEMENT:52-subCategory=NO:61-continent=EU:62-country=FR:63-admin2=35:64-admin4=NO:65-x=-2.07298317893481:66-y=48.6050978158724:67-geometry=NR
Hérault:1-source=Geofla:2-entityType=loc:3-theme=political:41-vague=no:42-sentiment=neutral:5-id=DEPARTEM0000000000000084:51-category=DEPARTEMENT:52-subCategory=NO:61-continent=EU:62-country=FR:63-admin2=34:64-admin4=NO:65-x=3.35516150371898:66-y=43.591971162326:67-geometry=NR
Hauts-de-Seine:1-source=Geofla:2-entityType=loc:3-theme=political:41-vague=no:42-sentiment=neutral:5-id=DEPARTEM0000000000000030:51-category=DEPARTEMENT:52-subCategory=NO:61-continent=EU:62-country=FR:63-admin2=92:64-admin4=NO:65-x=2.24248217582659:66-y=48.8060376415339:67-geometry=NR
Hautes-Pyrénées:1-source=Geofla:2-entityType=loc:3-theme=political:41-vague=no:42-sentiment=neutral:5-id=DEPARTEM0000000000000055:51-category=DEPARTEMENT:52-subCategory=NO:61-continent=EU:62-country=FR:63-admin2=65:64-admin4=NO:65-x=-0.110197663318265:66-y=43.2764881250099:67-geometry=NR
Hautes-Alpes:1-source=Geofla:2-entityType=loc:3-theme=political:41-vague=no:42-sentiment=neutral:5-id=DEPARTEM0000000000000043:51-category=DEPARTEMENT:52-subCategory=NO:61-continent=EU:62-country=FR:63-admin2=05:64-admin4=NO:65-x=6.34069754646354:66-y=44.649480059752:67-geometry=NR
Haute-Vienne:1-source=Geofla:2-entityType=loc:3-theme=political:41-vague=no:42-sentiment=neutral:5-id=DEPARTEM0000000000000040:51-category=DEPARTEMENT:52-subCategory=NO:61-continent=EU:62-country=FR:63-admin2=87:64-admin4=NO:65-x=1.26300946809555:66-y=45.9263004545481:67-geometry=NR
Haute-Savoie:1-source=Geofla:2-entityType=loc:3-theme=political:41-vague=no:42-sentiment=neutral:5-id=DEPARTEM0000000000000056:51-category=DEPARTEMENT:52-subCategory=NO:61-continent=EU:62-country=FR:63-admin2=74:64-admin4=NO:65-x=6.38817845419949:66-y=46.0475827475231:67-geometry=NR
Haute-Saône:1-source=Geofla:2-entityType=loc:3-theme=political:41-vague=no:42-sentiment=neutral:5-id=DEPARTEM0000000000000086:51-category=DEPARTEMENT:52-subCategory=NO:61-continent=EU:62-country=FR:63-admin2=70:64-admin4=NO:65-x=6.09171597608498:66-y=47.6325851721928:67-geometry=NR
Haute-Marne:1-source=Geofla:2-entityType=loc:3-theme=political:41-vague=no:42-sentiment=neutral:5-id=DEPARTEM0000000000000068:51-category=DEPARTEMENT:52-subCategory=NO:61-continent=EU:62-country=FR:63-admin2=52:64-admin4=NO:65-x=5.25682108899456:66-y=48.0657748089595:67-geometry=NR
Haute-Loire:1-source=Geofla:2-entityType=loc:3-theme=political:41-vague=no:42-sentiment=neutral:5-id=DEPARTEM0000000000000080:51-category=DEPARTEMENT:52-subCategory=NO:61-continent=EU:62-country=FR:63-admin2=43:64-admin4=NO:65-x=3.83051864983467:66-y=45.084873624401:67-geometry=NR
Haute-Garonne:1-source=Geofla:2-entityType=loc:3-theme=political:41-vague=no:42-sentiment=neutral:5-id=DEPARTEM0000000000000074:51-category=DEPARTEMENT:52-subCategory=NO:61-continent=EU:62-country=FR:63-admin2=31:64-admin4=NO:65-x=1.23222323039093:66-y=43.4809722896262:67-geometry=NR
Haute-Corse:1-source=Geofla:2-entityType=loc:3-theme=political:41-vague=no:42-sentiment=neutral:5-id=DEPARTEM0000000000000079:51-category=DEPARTEMENT:52-subCategory=NO:61-continent=EU:62-country=FR:63-admin2=2B:64-admin4=NO:65-x=9.10472704549664:66-y=42.4370139155316:67-geometry=NR
Haut-Rhin:1-source=Geofla:2-entityType=loc:3-theme=political:41-vague=no:42-sentiment=neutral:5-id=DEPARTEM0000000000000005:51-category=DEPARTEMENT:52-subCategory=NO:61-continent=EU:62-country=FR:63-admin2=68:64-admin4=NO:65-x=7.23339242925749:66-y=47.8991421008019:67-geometry=NR
Gironde:1-source=Geofla:2-entityType=loc:3-theme=political:41-vague=no:42-sentiment=neutral:5-id=DEPARTEM0000000000000057:51-category=DEPARTEMENT:52-subCategory=NO:61-continent=EU:62-country=FR:63-admin2=33:64-admin4=NO:65-x=-0.481547762077345:66-y=44.8051095724353:67-geometry=NR
Gers:1-source=Geofla:2-entityType=loc:3-theme=political:41-vague=no:42-sentiment=neutral:5-id=DEPARTEM0000000000000070:51-category=DEPARTEMENT:52-subCategory=NO:61-continent=EU:62-country=FR:63-admin2=32:64-admin4=NO:65-x=0.404647707845862:66-y=43.6899693989794:67-geometry=NR
Gard:1-source=Geofla:2-entityType=loc:3-theme=political:41-vague=no:42-sentiment=neutral:5-id=DEPARTEM0000000000000050:51-category=DEPARTEMENT:52-subCategory=NO:61-continent=EU:62-country=FR:63-admin2=30:64-admin4=NO:65-x=4.2889594900233:66-y=43.9580651265772:67-geometry=NR
Finistère:1-source=Geofla:2-entityType=loc:3-theme=political:41-vague=no:42-sentiment=neutral:5-id=DEPARTEM0000000000000064:51-category=DEPARTEMENT:52-subCategory=NO:61-continent=EU:62-country=FR:63-admin2=29:64-admin4=NO:65-x=-4.85356015337511:66-y=48.0379822953762:67-geometry=NR
Eure-et-Loir:1-source=Geofla:2-entityType=loc:3-theme=political:41-vague=no:42-sentiment=neutral:5-id=DEPARTEM0000000000000006:51-category=DEPARTEMENT:52-subCategory=NO:61-continent=EU:62-country=FR:63-admin2=28:64-admin4=NO:65-x=1.37256701853409:66-y=48.3801508858866:67-geometry=NR
Eure:1-source=Geofla:2-entityType=loc:3-theme=political:41-vague=no:42-sentiment=neutral:5-id=DEPARTEM0000000000000045:51-category=DEPARTEMENT:52-subCategory=NO:61-continent=EU:62-country=FR:63-admin2=27:64-admin4=NO:65-x=0.999818729156452:66-y=49.082432634926:67-geometry=NR
Essonne:1-source=Geofla:2-entityType=loc:3-theme=political:41-vague=no:42-sentiment=neutral:5-id=DEPARTEM0000000000000089:51-category=DEPARTEMENT:52-subCategory=NO:61-continent=EU:62-country=FR:63-admin2=91:64-admin4=NO:65-x=2.25011449181301:66-y=48.5308633328967:67-geometry=NR
Drôme:1-source=Geofla:2-entityType=loc:3-theme=political:41-vague=no:42-sentiment=neutral:5-id=DEPARTEM0000000000000085:51-category=DEPARTEMENT:52-subCategory=NO:61-continent=EU:62-country=FR:63-admin2=26:64-admin4=NO:65-x=5.24120543379859:66-y=44.6370314113002:67-geometry=NR
Doubs:1-source=Geofla:2-entityType=loc:3-theme=political:41-vague=no:42-sentiment=neutral:5-id=DEPARTEM0000000000000060:51-category=DEPARTEMENT:52-subCategory=NO:61-continent=EU:62-country=FR:63-admin2=25:64-admin4=NO:65-x=6.36758970797607:66-y=47.1093386684407:67-geometry=NR
Dordogne:1-source=Geofla:2-entityType=loc:3-theme=political:41-vague=no:42-sentiment=neutral:5-id=DEPARTEM0000000000000027:51-category=DEPARTEMENT:52-subCategory=NO:61-continent=EU:62-country=FR:63-admin2=24:64-admin4=NO:65-x=0.695887477270905:66-y=45.1823467592153:67-geometry=NR
Deux-Sèvres:1-source=Geofla:2-entityType=loc:3-theme=political:41-vague=no:42-sentiment=neutral:5-id=DEPARTEM0000000000000096:51-category=DEPARTEMENT:52-subCategory=NO:61-continent=EU:62-country=FR:63-admin2=79:64-admin4=NO:65-x=-0.338423781642925:66-y=46.5844979838792:67-geometry=NR
Creuse:1-source=Geofla:2-entityType=loc:3-theme=political:41-vague=no:42-sentiment=neutral:5-id=DEPARTEM0000000000000061:51-category=DEPARTEMENT:52-subCategory=NO:61-continent=EU:62-country=FR:63-admin2=23:64-admin4=NO:65-x=2.04885681407871:66-y=46.0598042206042:67-geometry=NR
Côtes d'Armor:1-source=Geofla:2-entityType=loc:3-theme=political:41-vague=no:42-sentiment=neutral:5-id=DEPARTEM0000000000000046:51-category=DEPARTEMENT:52-subCategory=NO:61-continent=EU:62-country=FR:63-admin2=22:64-admin4=NO:65-x=-2.99816492465999:66-y=48.844829522832:67-geometry=NR
Côte-d'Or:1-source=Geofla:2-entityType=loc:3-theme=political:41-vague=no:42-sentiment=neutral:5-id=DEPARTEM0000000000000069:51-category=DEPARTEMENT:52-subCategory=NO:61-continent=EU:62-country=FR:63-admin2=21:64-admin4=NO:65-x=4.14952834755217:66-y=47.1326881909783:67-geometry=NR
Corse-du-Sud:1-source=Geofla:2-entityType=loc:3-theme=political:41-vague=no:42-sentiment=neutral:5-id=DEPARTEM0000000000000047:51-category=DEPARTEMENT:52-subCategory=NO:61-continent=EU:62-country=FR:63-admin2=2A:64-admin4=NO:65-x=9.26497250221966:66-y=41.3678350343881:67-geometry=NR
Corrèze:1-source=Geofla:2-entityType=loc:3-theme=political:41-vague=no:42-sentiment=neutral:5-id=DEPARTEM0000000000000039:51-category=DEPARTEMENT:52-subCategory=NO:61-continent=EU:62-country=FR:63-admin2=19:64-admin4=NO:65-x=1.81425122828282:66-y=45.3416412815579:67-geometry=NR
Cher:1-source=Geofla:2-entityType=loc:3-theme=political:41-vague=no:42-sentiment=neutral:5-id=DEPARTEM0000000000000083:51-category=DEPARTEMENT:52-subCategory=NO:61-continent=EU:62-country=FR:63-admin2=18:64-admin4=NO:65-x=2.42775101061283:66-y=47.0656139266652:67-geometry=NR
Charente-Maritime:1-source=Geofla:2-entityType=loc:3-theme=political:41-vague=no:42-sentiment=neutral:5-id=DEPARTEM0000000000000038:51-category=DEPARTEMENT:52-subCategory=NO:61-continent=EU:62-country=FR:63-admin2=17:64-admin4=NO:65-x=-1.40011234328201:66-y=46.2008823608057:67-geometry=NR
Charente:1-source=Geofla:2-entityType=loc:3-theme=political:41-vague=no:42-sentiment=neutral:5-id=DEPARTEM0000000000000071:51-category=DEPARTEMENT:52-subCategory=NO:61-continent=EU:62-country=FR:63-admin2=16:64-admin4=NO:65-x=0.0921970448284194:66-y=45.6601677153303:67-geometry=NR
Cantal:1-source=Geofla:2-entityType=loc:3-theme=political:41-vague=no:42-sentiment=neutral:5-id=DEPARTEM0000000000000016:51-category=DEPARTEMENT:52-subCategory=NO:61-continent=EU:62-country=FR:63-admin2=15:64-admin4=NO:65-x=2.70197917887892:66-y=45.0496176173627:67-geometry=NR
Calvados:1-source=Geofla:2-entityType=loc:3-theme=political:41-vague=no:42-sentiment=neutral:5-id=DEPARTEM0000000000000013:51-category=DEPARTEMENT:52-subCategory=NO:61-continent=EU:62-country=FR:63-admin2=14:64-admin4=NO:65-x=-0.431063893278635:66-y=48.8642160689204:67-geometry=NR
Bouches-du-Rhône:1-source=Geofla:2-entityType=loc:3-theme=political:41-vague=no:42-sentiment=neutral:5-id=DEPARTEM0000000000000075:51-category=DEPARTEMENT:52-subCategory=NO:61-continent=EU:62-country=FR:63-admin2=13:64-admin4=NO:65-x=5.37432108500169:66-y=43.539826800524:67-geometry=NR
Bas-Rhin:1-source=Geofla:2-entityType=loc:3-theme=political:41-vague=no:42-sentiment=neutral:5-id=DEPARTEM0000000000000010:51-category=DEPARTEMENT:52-subCategory=NO:61-continent=EU:62-country=FR:63-admin2=67:64-admin4=NO:65-x=7.55323658531884:66-y=48.5664555510769:67-geometry=NR
Aveyron:1-source=Geofla:2-entityType=loc:3-theme=political:41-vague=no:42-sentiment=neutral:5-id=DEPARTEM0000000000000076:51-category=DEPARTEMENT:52-subCategory=NO:61-continent=EU:62-country=FR:63-admin2=12:64-admin4=NO:65-x=2.64841491656544:66-y=44.3177909986027:67-geometry=NR
Aude:1-source=Geofla:2-entityType=loc:3-theme=political:41-vague=no:42-sentiment=neutral:5-id=DEPARTEM0000000000000051:51-category=DEPARTEMENT:52-subCategory=NO:61-continent=EU:62-country=FR:63-admin2=11:64-admin4=NO:65-x=2.5134678103055:66-y=43.0561931840469:67-geometry=NR
Aube:1-source=Geofla:2-entityType=loc:3-theme=political:41-vague=no:42-sentiment=neutral:5-id=DEPARTEM0000000000000007:51-category=DEPARTEMENT:52-subCategory=NO:61-continent=EU:62-country=FR:63-admin2=10:64-admin4=NO:65-x=4.18409182831448:66-y=48.3209028106228:67-geometry=NR
Ariège:1-source=Geofla:2-entityType=loc:3-theme=political:41-vague=no:42-sentiment=neutral:5-id=DEPARTEM0000000000000022:51-category=DEPARTEMENT:52-subCategory=NO:61-continent=EU:62-country=FR:63-admin2=09:64-admin4=NO:65-x=1.41011923259163:66-y=42.9416944475076:67-geometry=NR
Ardennes:1-source=Geofla:2-entityType=loc:3-theme=political:41-vague=no:42-sentiment=neutral:5-id=DEPARTEM0000000000000034:51-category=DEPARTEMENT:52-subCategory=NO:61-continent=EU:62-country=FR:63-admin2=08:64-admin4=NO:65-x=4.71107239463068:66-y=49.6801236947978:67-geometry=NR
Ardèche:1-source=Geofla:2-entityType=loc:3-theme=political:41-vague=no:42-sentiment=neutral:5-id=DEPARTEM0000000000000044:51-category=DEPARTEMENT:52-subCategory=NO:61-continent=EU:62-country=FR:63-admin2=07:64-admin4=NO:65-x=4.36956802456526:66-y=44.687854347617:67-geometry=NR
Alpes-Maritimes:1-source=Geofla:2-entityType=loc:3-theme=political:41-vague=no:42-sentiment=neutral:5-id=DEPARTEM0000000000000053:51-category=DEPARTEMENT:52-subCategory=NO:61-continent=EU:62-country=FR:63-admin2=06:64-admin4=NO:65-x=7.05153399004679:66-y=43.5184734450485:67-geometry=NR
Alpes de Haute-Provence:1-source=Geofla:2-entityType=loc:3-theme=political:41-vague=no:42-sentiment=neutral:5-id=DEPARTEM0000000000000033:51-category=DEPARTEMENT:52-subCategory=NO:61-continent=EU:62-country=FR:63-admin2=04:64-admin4=NO:65-x=6.17404815939756:66-y=44.173522016999:67-geometry=NR
Allier:1-source=Geofla:2-entityType=loc:3-theme=political:41-vague=no:42-sentiment=neutral:5-id=DEPARTEM0000000000000058:51-category=DEPARTEMENT:52-subCategory=NO:61-continent=EU:62-country=FR:63-admin2=03:64-admin4=NO:65-x=3.16320029547522:66-y=46.3683441855011:67-geometry=NR
Aisne:1-source=Geofla:2-entityType=loc:3-theme=political:41-vague=no:42-sentiment=neutral:5-id=DEPARTEM0000000000000019:51-category=DEPARTEMENT:52-subCategory=NO:61-continent=EU:62-country=FR:63-admin2=02:64-admin4=NO:65-x=3.60408111329772:66-y=49.5467264592157:67-geometry=NR
Ain:1-source=Geofla:2-entityType=loc:3-theme=political:41-vague=no:42-sentiment=neutral:5-id=DEPARTEM0000000000000087:51-category=DEPARTEMENT:52-subCategory=NO:61-continent=EU:62-country=FR:63-admin2=01:64-admin4=NO:65-x=5.2860584169499:66-y=46.0669096159723:67-geometry=NR
